{"total": {"lines":{"total":324,"covered":88,"skipped":0,"pct":27.16},"statements":{"total":325,"covered":89,"skipped":0,"pct":27.38},"functions":{"total":56,"covered":16,"skipped":0,"pct":28.57},"branches":{"total":182,"covered":25,"skipped":0,"pct":13.73},"branchesTrue":{"total":0,"covered":0,"skipped":0,"pct":100}}
,"C:\\Users\\matti\\work-azure\\apps\\api\\src\\app.ts": {"lines":{"total":13,"covered":13,"skipped":0,"pct":100},"functions":{"total":1,"covered":1,"skipped":0,"pct":100},"statements":{"total":13,"covered":13,"skipped":0,"pct":100},"branches":{"total":9,"covered":8,"skipped":0,"pct":88.88}}
,"C:\\Users\\matti\\work-azure\\apps\\api\\src\\lib\\db.ts": {"lines":{"total":7,"covered":7,"skipped":0,"pct":100},"functions":{"total":1,"covered":1,"skipped":0,"pct":100},"statements":{"total":7,"covered":7,"skipped":0,"pct":100},"branches":{"total":8,"covered":6,"skipped":0,"pct":75}}
,"C:\\Users\\matti\\work-azure\\apps\\api\\src\\lib\\events.ts": {"lines":{"total":3,"covered":0,"skipped":0,"pct":0},"functions":{"total":1,"covered":0,"skipped":0,"pct":0},"statements":{"total":3,"covered":0,"skipped":0,"pct":0},"branches":{"total":8,"covered":0,"skipped":0,"pct":0}}
,"C:\\Users\\matti\\work-azure\\apps\\api\\src\\lib\\security.ts": {"lines":{"total":14,"covered":1,"skipped":0,"pct":7.14},"functions":{"total":4,"covered":0,"skipped":0,"pct":0},"statements":{"total":14,"covered":1,"skipped":0,"pct":7.14},"branches":{"total":7,"covered":0,"skipped":0,"pct":0}}
,"C:\\Users\\matti\\work-azure\\apps\\api\\src\\plugins\\security.ts": {"lines":{"total":14,"covered":9,"skipped":0,"pct":64.28},"functions":{"total":4,"covered":3,"skipped":0,"pct":75},"statements":{"total":14,"covered":9,"skipped":0,"pct":64.28},"branches":{"total":10,"covered":6,"skipped":0,"pct":60}}
,"C:\\Users\\matti\\work-azure\\apps\\api\\src\\routes\\admin.ts": {"lines":{"total":7,"covered":3,"skipped":0,"pct":42.85},"functions":{"total":3,"covered":1,"skipped":0,"pct":33.33},"statements":{"total":7,"covered":3,"skipped":0,"pct":42.85},"branches":{"total":0,"covered":0,"skipped":0,"pct":100}}
,"C:\\Users\\matti\\work-azure\\apps\\api\\src\\routes\\analytics.ts": {"lines":{"total":8,"covered":2,"skipped":0,"pct":25},"functions":{"total":5,"covered":1,"skipped":0,"pct":20},"statements":{"total":8,"covered":2,"skipped":0,"pct":25},"branches":{"total":0,"covered":0,"skipped":0,"pct":100}}
,"C:\\Users\\matti\\work-azure\\apps\\api\\src\\routes\\auth.ts": {"lines":{"total":99,"covered":22,"skipped":0,"pct":22.22},"functions":{"total":13,"covered":3,"skipped":0,"pct":23.07},"statements":{"total":99,"covered":22,"skipped":0,"pct":22.22},"branches":{"total":46,"covered":5,"skipped":0,"pct":10.86}}
,"C:\\Users\\matti\\work-azure\\apps\\api\\src\\routes\\events.ts": {"lines":{"total":8,"covered":3,"skipped":0,"pct":37.5},"functions":{"total":2,"covered":1,"skipped":0,"pct":50},"statements":{"total":8,"covered":3,"skipped":0,"pct":37.5},"branches":{"total":2,"covered":0,"skipped":0,"pct":0}}
,"C:\\Users\\matti\\work-azure\\apps\\api\\src\\routes\\health.ts": {"lines":{"total":2,"covered":2,"skipped":0,"pct":100},"functions":{"total":2,"covered":2,"skipped":0,"pct":100},"statements":{"total":3,"covered":3,"skipped":0,"pct":100},"branches":{"total":0,"covered":0,"skipped":0,"pct":100}}
,"C:\\Users\\matti\\work-azure\\apps\\api\\src\\routes\\organizations.ts": {"lines":{"total":40,"covered":8,"skipped":0,"pct":20},"functions":{"total":6,"covered":1,"skipped":0,"pct":16.66},"statements":{"total":40,"covered":8,"skipped":0,"pct":20},"branches":{"total":18,"covered":0,"skipped":0,"pct":0}}
,"C:\\Users\\matti\\work-azure\\apps\\api\\src\\routes\\projects.ts": {"lines":{"total":57,"covered":10,"skipped":0,"pct":17.54},"functions":{"total":8,"covered":1,"skipped":0,"pct":12.5},"statements":{"total":57,"covered":10,"skipped":0,"pct":17.54},"branches":{"total":40,"covered":0,"skipped":0,"pct":0}}
,"C:\\Users\\matti\\work-azure\\apps\\api\\src\\routes\\tasks.ts": {"lines":{"total":52,"covered":8,"skipped":0,"pct":15.38},"functions":{"total":6,"covered":1,"skipped":0,"pct":16.66},"statements":{"total":52,"covered":8,"skipped":0,"pct":15.38},"branches":{"total":34,"covered":0,"skipped":0,"pct":0}}
}
